<?xml version="1.0" encoding="UTF-8"?>
<testng-results ignored="0" total="1" passed="1" failed="0" skipped="0">
  <reporter-output>
  </reporter-output>
  <suite started-at="2024-12-30T16:14:49 IST" name="Suite" finished-at="2024-12-30T16:14:50 IST" duration-ms="76">
    <groups>
    </groups>
    <test started-at="2024-12-30T16:14:49 IST" name="Test" finished-at="2024-12-30T16:14:50 IST" duration-ms="76">
      <class name="com.ifocus.org.Ifocus.AppTest">
        <test-method signature="shouldAnswerWithTrue()[pri:0, instance:com.ifocus.org.Ifocus.AppTest@503d687a]" started-at="2024-12-30T16:14:49 IST" name="shouldAnswerWithTrue" finished-at="2024-12-30T16:14:49 IST" duration-ms="10" status="PASS">
          <reporter-output>
          </reporter-output>
        </test-method> <!-- shouldAnswerWithTrue -->
      </class> <!-- com.ifocus.org.Ifocus.AppTest -->
    </test> <!-- Test -->
  </suite> <!-- Suite -->
</testng-results>
